{"C:\\AppServ\\www\\openinghour-shorten\\helper.js": {"path":"C:\\AppServ\\www\\openinghour-shorten\\helper.js","statementMap":{"0":{"start":{"line":1,"column":25},"end":{"line":1,"column":68}},"1":{"start":{"line":3,"column":0},"end":{"line":22,"column":2}},"2":{"start":{"line":5,"column":4},"end":{"line":14,"column":5}},"3":{"start":{"line":6,"column":6},"end":{"line":11,"column":25}},"4":{"start":{"line":7,"column":8},"end":{"line":9,"column":9}},"5":{"start":{"line":8,"column":10},"end":{"line":8,"column":23}},"6":{"start":{"line":10,"column":8},"end":{"line":10,"column":19}},"7":{"start":{"line":13,"column":6},"end":{"line":13,"column":19}},"8":{"start":{"line":17,"column":4},"end":{"line":19,"column":5}},"9":{"start":{"line":18,"column":6},"end":{"line":18,"column":35}},"10":{"start":{"line":20,"column":4},"end":{"line":20,"column":14}}},"fnMap":{"0":{"name":"(anonymous_0)","decl":{"start":{"line":4,"column":14},"end":{"line":4,"column":15}},"loc":{"start":{"line":4,"column":25},"end":{"line":15,"column":3}},"line":4},"1":{"name":"(anonymous_1)","decl":{"start":{"line":6,"column":26},"end":{"line":6,"column":27}},"loc":{"start":{"line":6,"column":56},"end":{"line":11,"column":7}},"line":6},"2":{"name":"(anonymous_2)","decl":{"start":{"line":16,"column":14},"end":{"line":16,"column":15}},"loc":{"start":{"line":16,"column":23},"end":{"line":21,"column":3}},"line":16}},"branchMap":{"0":{"loc":{"start":{"line":7,"column":8},"end":{"line":9,"column":9}},"type":"if","locations":[{"start":{"line":7,"column":8},"end":{"line":9,"column":9}},{"start":{"line":7,"column":8},"end":{"line":9,"column":9}}],"line":7},"1":{"loc":{"start":{"line":17,"column":4},"end":{"line":19,"column":5}},"type":"if","locations":[{"start":{"line":17,"column":4},"end":{"line":19,"column":5}},{"start":{"line":17,"column":4},"end":{"line":19,"column":5}}],"line":17},"2":{"loc":{"start":{"line":17,"column":8},"end":{"line":17,"column":74}},"type":"binary-expr","locations":[{"start":{"line":17,"column":8},"end":{"line":17,"column":29}},{"start":{"line":17,"column":33},"end":{"line":17,"column":41}},{"start":{"line":17,"column":45},"end":{"line":17,"column":74}}],"line":17}},"s":{"0":2,"1":2,"2":7,"3":7,"4":9,"5":2,"6":7,"7":3,"8":64,"9":61,"10":3},"f":{"0":7,"1":9,"2":64},"b":{"0":[2,7],"1":[61,3],"2":[64,61,61]},"_coverageSchema":"332fd63041d2c1bcb487cc26dd0d5f7d97098a6c","hash":"b7c19e718e61b869419b7c09ace549863333742f"}
,"C:\\AppServ\\www\\openinghour-shorten\\index.js": {"path":"C:\\AppServ\\www\\openinghour-shorten\\index.js","statementMap":{"0":{"start":{"line":1,"column":18},"end":{"line":1,"column":38}},"1":{"start":{"line":4,"column":4},"end":{"line":4,"column":23}},"2":{"start":{"line":7,"column":19},"end":{"line":7,"column":59}},"3":{"start":{"line":7,"column":24},"end":{"line":7,"column":59}},"4":{"start":{"line":8,"column":19},"end":{"line":30,"column":1}},"5":{"start":{"line":9,"column":2},"end":{"line":29,"column":58}},"6":{"start":{"line":12,"column":20},"end":{"line":15,"column":12}},"7":{"start":{"line":13,"column":26},"end":{"line":13,"column":66}},"8":{"start":{"line":13,"column":47},"end":{"line":13,"column":65}},"9":{"start":{"line":14,"column":8},"end":{"line":14,"column":40}},"10":{"start":{"line":16,"column":6},"end":{"line":16,"column":107}},"11":{"start":{"line":20,"column":6},"end":{"line":22,"column":7}},"12":{"start":{"line":21,"column":8},"end":{"line":21,"column":99}},"13":{"start":{"line":23,"column":6},"end":{"line":25,"column":7}},"14":{"start":{"line":24,"column":8},"end":{"line":24,"column":75}},"15":{"start":{"line":26,"column":6},"end":{"line":26,"column":32}},"16":{"start":{"line":29,"column":17},"end":{"line":29,"column":47}},"17":{"start":{"line":37,"column":0},"end":{"line":67,"column":2}},"18":{"start":{"line":38,"column":2},"end":{"line":41,"column":3}},"19":{"start":{"line":39,"column":4},"end":{"line":39,"column":63}},"20":{"start":{"line":40,"column":4},"end":{"line":40,"column":14}},"21":{"start":{"line":42,"column":2},"end":{"line":66,"column":3}},"22":{"start":{"line":43,"column":4},"end":{"line":61,"column":18}},"23":{"start":{"line":46,"column":22},"end":{"line":46,"column":96}},"24":{"start":{"line":47,"column":8},"end":{"line":47,"column":79}},"25":{"start":{"line":50,"column":20},"end":{"line":50,"column":98}},"26":{"start":{"line":50,"column":39},"end":{"line":50,"column":96}},"27":{"start":{"line":53,"column":8},"end":{"line":56,"column":10}},"28":{"start":{"line":59,"column":31},"end":{"line":59,"column":129}},"29":{"start":{"line":60,"column":28},"end":{"line":60,"column":56}},"30":{"start":{"line":64,"column":4},"end":{"line":64,"column":25}},"31":{"start":{"line":65,"column":4},"end":{"line":65,"column":14}}},"fnMap":{"0":{"name":"(anonymous_0)","decl":{"start":{"line":7,"column":19},"end":{"line":7,"column":20}},"loc":{"start":{"line":7,"column":24},"end":{"line":7,"column":59}},"line":7},"1":{"name":"(anonymous_1)","decl":{"start":{"line":8,"column":19},"end":{"line":8,"column":20}},"loc":{"start":{"line":9,"column":2},"end":{"line":29,"column":58}},"line":9},"2":{"name":"(anonymous_2)","decl":{"start":{"line":11,"column":12},"end":{"line":11,"column":13}},"loc":{"start":{"line":11,"column":27},"end":{"line":17,"column":5}},"line":11},"3":{"name":"(anonymous_3)","decl":{"start":{"line":12,"column":31},"end":{"line":12,"column":32}},"loc":{"start":{"line":12,"column":48},"end":{"line":15,"column":7}},"line":12},"4":{"name":"(anonymous_4)","decl":{"start":{"line":13,"column":40},"end":{"line":13,"column":41}},"loc":{"start":{"line":13,"column":47},"end":{"line":13,"column":65}},"line":13},"5":{"name":"(anonymous_5)","decl":{"start":{"line":19,"column":12},"end":{"line":19,"column":13}},"loc":{"start":{"line":19,"column":31},"end":{"line":27,"column":5}},"line":19},"6":{"name":"(anonymous_6)","decl":{"start":{"line":29,"column":9},"end":{"line":29,"column":10}},"loc":{"start":{"line":29,"column":17},"end":{"line":29,"column":47}},"line":29},"7":{"name":"(anonymous_7)","decl":{"start":{"line":37,"column":17},"end":{"line":37,"column":18}},"loc":{"start":{"line":37,"column":35},"end":{"line":67,"column":1}},"line":37},"8":{"name":"(anonymous_8)","decl":{"start":{"line":45,"column":14},"end":{"line":45,"column":15}},"loc":{"start":{"line":45,"column":31},"end":{"line":48,"column":7}},"line":45},"9":{"name":"(anonymous_9)","decl":{"start":{"line":50,"column":11},"end":{"line":50,"column":12}},"loc":{"start":{"line":50,"column":20},"end":{"line":50,"column":98}},"line":50},"10":{"name":"(anonymous_10)","decl":{"start":{"line":50,"column":30},"end":{"line":50,"column":31}},"loc":{"start":{"line":50,"column":39},"end":{"line":50,"column":96}},"line":50},"11":{"name":"(anonymous_11)","decl":{"start":{"line":52,"column":11},"end":{"line":52,"column":12}},"loc":{"start":{"line":53,"column":8},"end":{"line":56,"column":10}},"line":53},"12":{"name":"(anonymous_12)","decl":{"start":{"line":59,"column":14},"end":{"line":59,"column":15}},"loc":{"start":{"line":59,"column":31},"end":{"line":59,"column":129}},"line":59},"13":{"name":"(anonymous_13)","decl":{"start":{"line":60,"column":11},"end":{"line":60,"column":12}},"loc":{"start":{"line":60,"column":28},"end":{"line":60,"column":56}},"line":60}},"branchMap":{"0":{"loc":{"start":{"line":14,"column":15},"end":{"line":14,"column":39}},"type":"cond-expr","locations":[{"start":{"line":14,"column":32},"end":{"line":14,"column":35}},{"start":{"line":14,"column":38},"end":{"line":14,"column":39}}],"line":14},"1":{"loc":{"start":{"line":16,"column":13},"end":{"line":16,"column":106}},"type":"cond-expr","locations":[{"start":{"line":16,"column":28},"end":{"line":16,"column":69}},{"start":{"line":16,"column":72},"end":{"line":16,"column":106}}],"line":16},"2":{"loc":{"start":{"line":20,"column":6},"end":{"line":22,"column":7}},"type":"if","locations":[{"start":{"line":20,"column":6},"end":{"line":22,"column":7}},{"start":{"line":20,"column":6},"end":{"line":22,"column":7}}],"line":20},"3":{"loc":{"start":{"line":23,"column":6},"end":{"line":25,"column":7}},"type":"if","locations":[{"start":{"line":23,"column":6},"end":{"line":25,"column":7}},{"start":{"line":23,"column":6},"end":{"line":25,"column":7}}],"line":23},"4":{"loc":{"start":{"line":38,"column":2},"end":{"line":41,"column":3}},"type":"if","locations":[{"start":{"line":38,"column":2},"end":{"line":41,"column":3}},{"start":{"line":38,"column":2},"end":{"line":41,"column":3}}],"line":38}},"s":{"0":1,"1":1,"2":1,"3":62,"4":1,"5":31,"6":101,"7":80,"8":198,"9":80,"10":101,"11":38,"12":1,"13":37,"14":15,"15":22,"16":39,"17":1,"18":13,"19":2,"20":2,"21":11,"22":11,"23":101,"24":101,"25":31,"26":101,"27":31,"28":31,"29":26,"30":1,"31":1},"f":{"0":62,"1":31,"2":101,"3":80,"4":198,"5":38,"6":39,"7":13,"8":101,"9":31,"10":101,"11":31,"12":31,"13":26},"b":{"0":[63,17],"1":[63,38],"2":[1,37],"3":[15,22],"4":[2,11]},"_coverageSchema":"332fd63041d2c1bcb487cc26dd0d5f7d97098a6c","hash":"06c77465b98e1e3850406ff8590e7e64228a674b"}
}
