TN:
SF:C:\AppServ\www\openinghour-shorten\helper.js
FN:4,(anonymous_0)
FN:6,(anonymous_1)
FN:16,(anonymous_2)
FNF:3
FNH:3
FNDA:7,(anonymous_0)
FNDA:9,(anonymous_1)
FNDA:64,(anonymous_2)
DA:1,2
DA:3,2
DA:5,7
DA:6,7
DA:7,9
DA:8,2
DA:10,7
DA:13,3
DA:17,64
DA:18,61
DA:20,3
LF:11
LH:11
BRDA:7,0,0,2
BRDA:7,0,1,7
BRDA:17,1,0,61
BRDA:17,1,1,3
BRDA:17,2,0,64
BRDA:17,2,1,61
BRDA:17,2,2,61
BRF:7
BRH:7
end_of_record
TN:
SF:C:\AppServ\www\openinghour-shorten\index.js
FN:7,(anonymous_0)
FN:8,(anonymous_1)
FN:11,(anonymous_2)
FN:12,(anonymous_3)
FN:13,(anonymous_4)
FN:19,(anonymous_5)
FN:29,(anonymous_6)
FN:37,(anonymous_7)
FN:45,(anonymous_8)
FN:50,(anonymous_9)
FN:50,(anonymous_10)
FN:52,(anonymous_11)
FN:59,(anonymous_12)
FN:60,(anonymous_13)
FNF:14
FNH:14
FNDA:62,(anonymous_0)
FNDA:31,(anonymous_1)
FNDA:101,(anonymous_2)
FNDA:80,(anonymous_3)
FNDA:198,(anonymous_4)
FNDA:38,(anonymous_5)
FNDA:39,(anonymous_6)
FNDA:13,(anonymous_7)
FNDA:101,(anonymous_8)
FNDA:31,(anonymous_9)
FNDA:101,(anonymous_10)
FNDA:31,(anonymous_11)
FNDA:31,(anonymous_12)
FNDA:26,(anonymous_13)
DA:1,1
DA:4,1
DA:7,62
DA:8,1
DA:9,31
DA:12,101
DA:13,198
DA:14,80
DA:16,101
DA:20,38
DA:21,1
DA:23,37
DA:24,15
DA:26,22
DA:29,39
DA:37,1
DA:38,13
DA:39,2
DA:40,2
DA:42,11
DA:43,11
DA:46,101
DA:47,101
DA:50,101
DA:53,31
DA:59,31
DA:60,26
DA:64,1
DA:65,1
LF:29
LH:29
BRDA:14,0,0,63
BRDA:14,0,1,17
BRDA:16,1,0,63
BRDA:16,1,1,38
BRDA:20,2,0,1
BRDA:20,2,1,37
BRDA:23,3,0,15
BRDA:23,3,1,22
BRDA:38,4,0,2
BRDA:38,4,1,11
BRF:10
BRH:10
end_of_record
